2022-06-24 14:24:59.492484904000 [546806(ThreadId 13)] ERROR APP - stack: runProcess: exec: does not exist (No such file or directory)
2022-06-24 14:47:14.125593577000 [573159(ThreadId 13)] ERROR APP - stack: runProcess: exec: does not exist (No such file or directory)
2022-06-24 14:47:33.220559447000 [574726(ThreadId 13)] ERROR APP - stack: runProcess: exec: does not exist (No such file or directory)
2022-06-24 14:57:59.455554670000 [596654(ThreadId 13)] ERROR APP - user error (<getModule> loaded module can not find from path. </home/passh/src/haskell/pensando-en-haskell/test/Spec.hs> [("ADNCalculator","/home/passh/src/haskell/pensando-en-haskell/src/ADNCalculator.hs"),("GoodNames","/home/passh/src/haskell/pensando-en-haskell/src/GoodNames.hs"),("Main","/home/passh/src/haskell/pensando-en-haskell/app/Main.hs")])
2022-06-24 14:58:40.222835652000 [597872(ThreadId 13)] ERROR APP - user error (<getModule> loaded module can not find from path. </home/passh/src/haskell/pensando-en-haskell/test/Spec.hs> [("ADNCalculator","/home/passh/src/haskell/pensando-en-haskell/src/ADNCalculator.hs"),("GoodNames","/home/passh/src/haskell/pensando-en-haskell/src/GoodNames.hs"),("Main","/home/passh/src/haskell/pensando-en-haskell/app/Main.hs")])
2022-06-24 14:59:48.988601352000 [599404(ThreadId 13)] ERROR APP - user error (<getModule> loaded module can not find from path. </home/passh/src/haskell/pensando-en-haskell/test/Spec.hs> [("ADNCalculator","/home/passh/src/haskell/pensando-en-haskell/src/ADNCalculator.hs"),("GoodNames","/home/passh/src/haskell/pensando-en-haskell/src/GoodNames.hs"),("Main","/home/passh/src/haskell/pensando-en-haskell/app/Main.hs")])
2022-06-24 15:00:10.348632769000 [599962(ThreadId 13)] ERROR APP - user error (<getModule> loaded module can not find from path. </home/passh/src/haskell/pensando-en-haskell/app/Main.hs> [("ADNCalculator","/home/passh/src/haskell/pensando-en-haskell/src/ADNCalculator.hs"),("GoodNames","/home/passh/src/haskell/pensando-en-haskell/src/GoodNames.hs")])
2022-06-24 15:00:10.427336678000 [599962(ThreadId 13)] ERROR APP - user error (<getModule> loaded module can not find from path. </home/passh/src/haskell/pensando-en-haskell/test/Spec.hs> [("ADNCalculator","/home/passh/src/haskell/pensando-en-haskell/src/ADNCalculator.hs"),("GoodNames","/home/passh/src/haskell/pensando-en-haskell/src/GoodNames.hs")])
2022-06-24 15:00:10.485504617000 [599962(ThreadId 13)] ERROR APP - start debugging failed. user error (ExecResult not found.) : Left "user error (ExecResult not found.)"
2022-06-24 15:00:35.698267026000 [600571(ThreadId 13)] ERROR APP - user error (<getModule> loaded module can not find from path. </home/passh/src/haskell/pensando-en-haskell/app/Main.hs> [("ADNCalculator","/home/passh/src/haskell/pensando-en-haskell/src/ADNCalculator.hs"),("GoodNames","/home/passh/src/haskell/pensando-en-haskell/src/GoodNames.hs")])
2022-06-24 15:00:35.713572282000 [600571(ThreadId 13)] ERROR APP - user error (<getModule> loaded module can not find from path. </home/passh/src/haskell/pensando-en-haskell/test/Spec.hs> [("ADNCalculator","/home/passh/src/haskell/pensando-en-haskell/src/ADNCalculator.hs"),("GoodNames","/home/passh/src/haskell/pensando-en-haskell/src/GoodNames.hs")])
2022-06-24 15:00:35.765713369000 [600571(ThreadId 13)] ERROR APP - start debugging failed. user error (ExecResult not found.) : Left "user error (ExecResult not found.)"
2022-06-24 15:01:24.476047149000 [601652(ThreadId 13)] ERROR APP - user error (<getModule> loaded module can not find from path. </home/passh/src/haskell/pensando-en-haskell/app/Main.hs> [("ADNCalculator","/home/passh/src/haskell/pensando-en-haskell/src/ADNCalculator.hs"),("GoodNames","/home/passh/src/haskell/pensando-en-haskell/src/GoodNames.hs")])
2022-06-24 15:01:24.494694482000 [601652(ThreadId 13)] ERROR APP - user error (<getModule> loaded module can not find from path. </home/passh/src/haskell/pensando-en-haskell/test/Spec.hs> [("ADNCalculator","/home/passh/src/haskell/pensando-en-haskell/src/ADNCalculator.hs"),("GoodNames","/home/passh/src/haskell/pensando-en-haskell/src/GoodNames.hs")])
2022-06-24 15:01:24.570690879000 [601652(ThreadId 13)] ERROR APP - start debugging failed. user error (ExecResult not found.) : Left "user error (ExecResult not found.)"
2022-06-24 15:06:27.117712455000 [607895(ThreadId 13)] ERROR APP - user error (<getModule> loaded module can not find from path. </home/passh/src/haskell/pensando-en-haskell/app/Main.hs> [("ADNCalculator","/home/passh/src/haskell/pensando-en-haskell/src/ADNCalculator.hs"),("GoodNames","/home/passh/src/haskell/pensando-en-haskell/src/GoodNames.hs")])
2022-06-24 15:06:27.135422599000 [607895(ThreadId 13)] ERROR APP - user error (<getModule> loaded module can not find from path. </home/passh/src/haskell/pensando-en-haskell/test/Spec.hs> [("ADNCalculator","/home/passh/src/haskell/pensando-en-haskell/src/ADNCalculator.hs"),("GoodNames","/home/passh/src/haskell/pensando-en-haskell/src/GoodNames.hs")])
2022-06-24 15:06:27.170226136000 [607895(ThreadId 13)] ERROR APP - start debugging failed. user error (ExecResult not found.) : Left "user error (ExecResult not found.)"
2022-06-24 15:06:48.082951521000 [608376(ThreadId 13)] ERROR APP - user error (<getModule> loaded module can not find from path. </home/passh/src/haskell/pensando-en-haskell/app/Main.hs> [("ADNCalculator","/home/passh/src/haskell/pensando-en-haskell/src/ADNCalculator.hs")])
2022-06-24 15:06:48.107935951000 [608376(ThreadId 13)] ERROR APP - user error (<getModule> loaded module can not find from path. </home/passh/src/haskell/pensando-en-haskell/test/Spec.hs> [("ADNCalculator","/home/passh/src/haskell/pensando-en-haskell/src/ADNCalculator.hs")])
2022-06-24 15:06:48.133360089000 [608376(ThreadId 13)] ERROR APP - start debugging failed. user error (ExecResult not found.) : Left "user error (ExecResult not found.)"
2022-06-24 15:06:58.415930420000 [608376(ThreadId 13)] ERROR APP - user error (<getModule> loaded module can not find from path. </home/passh/src/haskell/pensando-en-haskell/app/Main.hs> [("ADNCalculator","/home/passh/src/haskell/pensando-en-haskell/src/ADNCalculator.hs")])
